<?xml version="1.0" encoding="UTF-8"?>
<!-- Generated by org.testng.reporters.JUnitReportReporter -->
<testsuite hostname="DESKTOP-9GK0ONJ" failures="0" tests="1" name="com.FlightBooking.testCases.TC_Search" time="32.961" errors="0" timestamp="28 Jan 2021 06:46:45 GMT" skipped="0">
  <testcase classname="com.FlightBooking.testCases.TC_Search" name="Search" time="32.961"/>
</testsuite> <!-- com.FlightBooking.testCases.TC_Search -->
